# JRE version: Java(TM) SE Runtime Environment (9.0+181) (build 9+181)
# Java VM: Java HotSpot(TM) 64-Bit Server VM (9+181, mixed mode, tiered, compressed oops, g1 gc, windows-amd64)
Heap:
 garbage-first heap   total 63488K, used 35451K [0x00000000c2600000, 0x00000000c27001f0, 0x0000000100000000)
  region size 1024K, 5 young (5120K), 2 survivors (2048K)
 Metaspace       used 55945K, capacity 58744K, committed 59696K, reserved 1101824K
  class space    used 7518K, capacity 8003K, committed 8240K, reserved 1048576K
GC Heap History (10 events):
Event: 1663.213 GC heap before
{Heap before GC invocations=61 (full 1):
 garbage-first heap   total 63488K, used 51593K [0x00000000c2600000, 0x00000000c27001f0, 0x0000000100000000)
  region size 1024K, 20 young (20480K), 2 survivors (2048K)
 Metaspace       used 55630K, capacity 58342K, committed 59440K, reserved 1099776K
  class space    used 7487K, capacity 7969K, committed 8240K, reserved 1048576K
}
Event: 1663.242 GC heap after
{Heap after GC invocations=62 (full 1):
 garbage-first heap   total 63488K, used 33879K [0x00000000c2600000, 0x00000000c27001f0, 0x0000000100000000)
  region size 1024K, 2 young (2048K), 2 survivors (2048K)
 Metaspace       used 55630K, capacity 58342K, committed 59440K, reserved 1099776K
  class space    used 7487K, capacity 7969K, committed 8240K, reserved 1048576K
}
Event: 1663.362 GC heap before
{Heap before GC invocations=62 (full 1):
 garbage-first heap   total 63488K, used 34903K [0x00000000c2600000, 0x00000000c27001f0, 0x0000000100000000)
  region size 1024K, 3 young (3072K), 2 survivors (2048K)
 Metaspace       used 55630K, capacity 58342K, committed 59440K, reserved 1099776K
  class space    used 7487K, capacity 7969K, committed 8240K, reserved 1048576K
}
Event: 1663.507 GC heap after
{Heap after GC invocations=63 (full 1):
 garbage-first heap   total 63488K, used 31701K [0x00000000c2600000, 0x00000000c27001f0, 0x0000000100000000)
  region size 1024K, 1 young (1024K), 1 survivors (1024K)
 Metaspace       used 55630K, capacity 58342K, committed 59440K, reserved 1099776K
  class space    used 7487K, capacity 7969K, committed 8240K, reserved 1048576K
}
Event: 1668.296 GC heap before
{Heap before GC invocations=63 (full 1):
 garbage-first heap   total 63488K, used 51157K [0x00000000c2600000, 0x00000000c27001f0, 0x0000000100000000)
  region size 1024K, 20 young (20480K), 1 survivors (1024K)
 Metaspace       used 55886K, capacity 58620K, committed 59696K, reserved 1101824K
  class space    used 7511K, capacity 7994K, committed 8240K, reserved 1048576K
}
Event: 1668.351 GC heap after
{Heap after GC invocations=64 (full 1):
 garbage-first heap   total 63488K, used 32223K [0x00000000c2600000, 0x00000000c27001f0, 0x0000000100000000)
  region size 1024K, 1 young (1024K), 1 survivors (1024K)
 Metaspace       used 55886K, capacity 58620K, committed 59696K, reserved 1101824K
  class space    used 7511K, capacity 7994K, committed 8240K, reserved 1048576K
}
Event: 1679.976 GC heap before
{Heap before GC invocations=65 (full 1):
 garbage-first heap   total 63488K, used 51679K [0x00000000c2600000, 0x00000000c27001f0, 0x0000000100000000)
  region size 1024K, 20 young (20480K), 1 survivors (1024K)
 Metaspace       used 55935K, capacity 58686K, committed 59696K, reserved 1101824K
  class space    used 7518K, capacity 8005K, committed 8240K, reserved 1048576K
}
Event: 1679.994 GC heap after
{Heap after GC invocations=66 (full 1):
 garbage-first heap   total 63488K, used 33289K [0x00000000c2600000, 0x00000000c27001f0, 0x0000000100000000)
  region size 1024K, 2 young (2048K), 2 survivors (2048K)
 Metaspace       used 55935K, capacity 58686K, committed 59696K, reserved 1101824K
  class space    used 7518K, capacity 8005K, committed 8240K, reserved 1048576K
}
Event: 1998.194 GC heap before
{Heap before GC invocations=66 (full 1):
 garbage-first heap   total 63488K, used 51721K [0x00000000c2600000, 0x00000000c27001f0, 0x0000000100000000)
  region size 1024K, 20 young (20480K), 2 survivors (2048K)
 Metaspace       used 55935K, capacity 58686K, committed 59696K, reserved 1101824K
  class space    used 7518K, capacity 8005K, committed 8240K, reserved 1048576K
}
Event: 1998.209 GC heap after
{Heap after GC invocations=67 (full 1):
 garbage-first heap   total 63488K, used 33403K [0x00000000c2600000, 0x00000000c27001f0, 0x0000000100000000)
  region size 1024K, 2 young (2048K), 2 survivors (2048K)
 Metaspace       used 55935K, capacity 58686K, committed 59696K, reserved 1101824K
  class space    used 7518K, capacity 8005K, committed 8240K, reserved 1048576K
}

